"../../../Engine/Content/EditorResources/S_Actor.ubulk" 0
"../../../Engine/Content/EditorResources/S_Actor.uasset" 1
"../../../Engine/Content/EditorResources/S_Actor.uexp" 2
"../../../Engine/Content/EditorResources/S_BoxReflectionCapture.uasset" 3
"../../../Engine/Content/EditorResources/S_BoxReflectionCapture.uexp" 4
"../../../Engine/Content/EngineResources/DefaultTexture.ubulk" 5
"../../../Engine/Content/EngineResources/DefaultTexture.uasset" 6
"../../../Engine/Content/EngineResources/DefaultTexture.uexp" 7
"../../../Engine/Content/EngineResources/DefaultTextureCube.uasset" 8
"../../../Engine/Content/EngineResources/DefaultTextureCube.uexp" 9
"../../../Engine/Content/EngineResources/DefaultVolumeTexture2D.uasset" 10
"../../../Engine/Content/EngineResources/DefaultVolumeTexture2D.uexp" 11
"../../../Engine/Content/EngineResources/DefaultVolumeTexture.uasset" 12
"../../../Engine/Content/EngineResources/DefaultVolumeTexture.uexp" 13
"../../../Engine/Content/EditorResources/S_Trigger.ubulk" 14
"../../../Engine/Content/EditorResources/S_Trigger.uasset" 15
"../../../Engine/Content/EditorResources/S_Trigger.uexp" 16
"../../../Engine/Content/EditorResources/S_TriggerBox.uasset" 17
"../../../Engine/Content/EditorResources/S_TriggerBox.uexp" 18
"../../../Engine/Content/EditorResources/S_TriggerCapsule.uasset" 19
"../../../Engine/Content/EditorResources/S_TriggerCapsule.uexp" 20
"../../../Engine/Content/EditorResources/S_TriggerSphere.uasset" 21
"../../../Engine/Content/EditorResources/S_TriggerSphere.uexp" 22
"../../../Engine/Content/EngineMeshes/Sphere.uasset" 23
"../../../Engine/Content/EngineMeshes/Sphere.uexp" 24
"../../../Engine/Content/EngineResources/GradientTexture0.uasset" 25
"../../../Engine/Content/EngineResources/GradientTexture0.uexp" 26
"../../../Engine/Content/EngineResources/Black.uasset" 27
"../../../Engine/Content/EngineResources/Black.uexp" 28
"../../../Engine/Content/VREditor/LaserPointer/VR_LaserPower_01.ubulk" 29
"../../../Engine/Content/VREditor/LaserPointer/VR_LaserPower_01.uasset" 30
"../../../Engine/Content/VREditor/LaserPointer/VR_LaserPower_01.uexp" 31
"../../../Engine/Content/VREditor/TransformGizmo/TransformGizmoMaterial.uasset" 32
"../../../Engine/Content/VREditor/TransformGizmo/TransformGizmoMaterial.uexp" 33
"../../../Engine/Content/VREditor/TransformGizmo/TranslucentTransformGizmoMaterial.uasset" 34
"../../../Engine/Content/VREditor/TransformGizmo/TranslucentTransformGizmoMaterial.uexp" 35
"../../../Engine/Content/VREditor/TransformGizmo/PlaneTranslationHandle.uasset" 36
"../../../Engine/Content/VREditor/TransformGizmo/PlaneTranslationHandle.uexp" 37
"../../../Engine/Content/VREditor/TransformGizmo/BoundingBoxCorner.uasset" 38
"../../../Engine/Content/VREditor/TransformGizmo/BoundingBoxCorner.uexp" 39
"../../../Engine/Content/VREditor/TransformGizmo/BoundingBoxEdge.uasset" 40
"../../../Engine/Content/VREditor/TransformGizmo/BoundingBoxEdge.uexp" 41
"../../../Engine/Content/VREditor/TransformGizmo/Main.uasset" 42
"../../../Engine/Content/VREditor/TransformGizmo/Main.uexp" 43
"../../../Engine/Content/VREditor/TransformGizmo/Xray.uasset" 44
"../../../Engine/Content/VREditor/TransformGizmo/Xray.uexp" 45
"../../../Engine/Content/VREditor/TransformGizmo/SM_Sequencer_Node.uasset" 46
"../../../Engine/Content/VREditor/TransformGizmo/SM_Sequencer_Node.uexp" 47
"../../../Engine/Content/EditorMaterials/Camera/CineMat.uasset" 48
"../../../Engine/Content/EditorMaterials/Camera/CineMat.uexp" 49
"../../../Engine/Content/EditorMaterials/Camera/MI_CineMat_Rig.uasset" 50
"../../../Engine/Content/EditorMaterials/Camera/MI_CineMat_Rig.uexp" 51
"../../../Engine/Content/EditorMeshes/Camera/SM_CraneRig_Base.uasset" 52
"../../../Engine/Content/EditorMeshes/Camera/SM_CraneRig_Base.uexp" 53
"../../../Engine/Content/EditorMeshes/Camera/SM_CraneRig_Arm.uasset" 54
"../../../Engine/Content/EditorMeshes/Camera/SM_CraneRig_Arm.uexp" 55
"../../../Engine/Content/EditorMeshes/Camera/SM_CraneRig_Mount.uasset" 56
"../../../Engine/Content/EditorMeshes/Camera/SM_CraneRig_Mount.uexp" 57
"../../../Engine/Content/EditorMeshes/Camera/SM_CraneRig_Body.uasset" 58
"../../../Engine/Content/EditorMeshes/Camera/SM_CraneRig_Body.uexp" 59
"../../../Engine/Content/EditorMeshes/Camera/SM_RailRig_Track.uasset" 60
"../../../Engine/Content/EditorMeshes/Camera/SM_RailRig_Track.uexp" 61
"../../../Engine/Content/EditorMeshes/Camera/SM_RailRig_Mount.uasset" 62
"../../../Engine/Content/EditorMeshes/Camera/SM_RailRig_Mount.uexp" 63
"../../../Engine/Content/EngineMaterials/T_Default_Material_Grid_M.ubulk" 64
"../../../Engine/Content/EngineMaterials/T_Default_Material_Grid_M.uasset" 65
"../../../Engine/Content/EngineMaterials/T_Default_Material_Grid_M.uexp" 66
"../../../Engine/Content/EngineMaterials/T_Default_Material_Grid_N.ubulk" 67
"../../../Engine/Content/EngineMaterials/T_Default_Material_Grid_N.uasset" 68
"../../../Engine/Content/EngineMaterials/T_Default_Material_Grid_N.uexp" 69
"../../../Engine/Content/Functions/Engine_MaterialFunctions01/Opacity/CameraDepthFade.uasset" 70
"../../../Engine/Content/Functions/Engine_MaterialFunctions01/Opacity/CameraDepthFade.uexp" 71
"../../../Engine/Content/EngineMaterials/WorldGridMaterial.uasset" 72
"../../../Engine/Content/EngineMaterials/WorldGridMaterial.uexp" 73
"../../../Engine/Content/ArtTools/RenderToTexture/Meshes/S_1_Unit_Plane.uasset" 74
"../../../Engine/Content/ArtTools/RenderToTexture/Meshes/S_1_Unit_Plane.uexp" 75
"../../../Engine/Content/EditorMaterials/ParticleSystems/PSysThumbnail_NoImage.ubulk" 76
"../../../Engine/Content/EditorMaterials/ParticleSystems/PSysThumbnail_NoImage.uasset" 77
"../../../Engine/Content/EditorMaterials/ParticleSystems/PSysThumbnail_NoImage.uexp" 78
"../../../Engine/Content/EditorMaterials/ParticleSystems/PSysThumbnail_OOD.ubulk" 79
"../../../Engine/Content/EditorMaterials/ParticleSystems/PSysThumbnail_OOD.uasset" 80
"../../../Engine/Content/EditorMaterials/ParticleSystems/PSysThumbnail_OOD.uexp" 81
"../../../Engine/Content/EditorLandscapeResources/SplineEditorMeshMat.uasset" 82
"../../../Engine/Content/EditorLandscapeResources/SplineEditorMeshMat.uexp" 83
"../../../Engine/Content/EditorLandscapeResources/SplineEditorMesh.uasset" 84
"../../../Engine/Content/EditorLandscapeResources/SplineEditorMesh.uexp" 85
"../../../Engine/Content/EditorResources/S_Solver.ubulk" 86
"../../../Engine/Content/EditorResources/S_Solver.uasset" 87
"../../../Engine/Content/EditorResources/S_Solver.uexp" 88
"../../../Engine/Plugins/Media/MediaPlate/Content/SM_MediaPlateScreen.uasset" 89
"../../../Engine/Plugins/Media/MediaPlate/Content/SM_MediaPlateScreen.uexp" 90
"../../../Engine/Content/EngineMaterials/Good64x64TilingNoiseHighFreq.uasset" 91
"../../../Engine/Content/EngineMaterials/Good64x64TilingNoiseHighFreq.uexp" 92
"../../../Engine/Content/EngineMaterials/DefaultBokeh.uasset" 93
"../../../Engine/Content/EngineMaterials/DefaultBokeh.uexp" 94
"../../../Engine/Content/EngineMaterials/PreintegratedSkinBRDF.uasset" 95
"../../../Engine/Content/EngineMaterials/PreintegratedSkinBRDF.uexp" 96
"../../../Engine/Content/EngineMaterials/MiniFont.uasset" 97
"../../../Engine/Content/EngineMaterials/MiniFont.uexp" 98
"../../../Engine/Content/EngineMaterials/WeightMapPlaceholderTexture.uasset" 99
"../../../Engine/Content/EngineMaterials/WeightMapPlaceholderTexture.uexp" 100
"../../../Engine/Content/EngineMaterials/DefaultWhiteGrid.ubulk" 101
"../../../Engine/Content/EngineMaterials/DefaultWhiteGrid.uasset" 102
"../../../Engine/Content/EngineMaterials/DefaultWhiteGrid.uexp" 103
"../../../Engine/Plugins/2D/Paper2D/Content/PlaceholderTextures/DummySpriteTexture.ubulk" 104
"../../../Engine/Plugins/2D/Paper2D/Content/PlaceholderTextures/DummySpriteTexture.uasset" 105
"../../../Engine/Plugins/2D/Paper2D/Content/PlaceholderTextures/DummySpriteTexture.uexp" 106
"../../../Engine/Plugins/2D/Paper2D/Content/DefaultSpriteMaterial.uasset" 107
"../../../Engine/Plugins/2D/Paper2D/Content/DefaultSpriteMaterial.uexp" 108
"../../../Engine/Plugins/2D/Paper2D/Content/OpaqueUnlitSpriteMaterial.uasset" 109
"../../../Engine/Plugins/2D/Paper2D/Content/OpaqueUnlitSpriteMaterial.uexp" 110
"../../../Engine/Plugins/2D/Paper2D/Content/MaskedUnlitSpriteMaterial.uasset" 111
"../../../Engine/Plugins/2D/Paper2D/Content/MaskedUnlitSpriteMaterial.uexp" 112
"../../../Engine/Plugins/2D/Paper2D/Content/DummySprite.uasset" 113
"../../../Engine/Plugins/2D/Paper2D/Content/DummySprite.uexp" 114
"../../../Engine/Plugins/2D/Paper2D/Content/DefaultPaperTerrainMaterial.uasset" 115
"../../../Engine/Plugins/2D/Paper2D/Content/DefaultPaperTerrainMaterial.uexp" 116
"D:/Unreal_Projects/ToonTank/Content/UI/WBP_Start.uasset" 117
"D:/Unreal_Projects/ToonTank/Content/UI/WBP_Start.uexp" 118
"D:/Unreal_Projects/ToonTank/Content/UI/WBP_GameOver.uasset" 119
"D:/Unreal_Projects/ToonTank/Content/UI/WBP_GameOver.uexp" 120
"D:/Unreal_Projects/ToonTank/Content/BP_ToonTankPlayerController.uasset" 121
"D:/Unreal_Projects/ToonTank/Content/BP_ToonTankPlayerController.uexp" 122
"../../../Engine/Content/EditorBlueprintResources/StandardMacros.uasset" 123
"../../../Engine/Content/EditorBlueprintResources/StandardMacros.uexp" 124
"D:/Unreal_Projects/ToonTank/Content/Assets/Materials/M_ParticleBase.uasset" 125
"D:/Unreal_Projects/ToonTank/Content/Assets/Materials/M_ParticleBase.uexp" 126
"D:/Unreal_Projects/ToonTank/Content/Assets/Materials/M_Particle_Inst.uasset" 127
"D:/Unreal_Projects/ToonTank/Content/Assets/Materials/M_Particle_Inst.uexp" 128
"D:/Unreal_Projects/ToonTank/Content/Assets/Meshes/SM_Sphere.uasset" 129
"D:/Unreal_Projects/ToonTank/Content/Assets/Meshes/SM_Sphere.uexp" 130
"D:/Unreal_Projects/ToonTank/Content/Assets/Effects/P_DeathEffect.uasset" 131
"D:/Unreal_Projects/ToonTank/Content/Assets/Effects/P_DeathEffect.uexp" 132
"D:/Unreal_Projects/ToonTank/Content/Assets/Effects/P_ProjectileTrail.uasset" 133
"D:/Unreal_Projects/ToonTank/Content/Assets/Effects/P_ProjectileTrail.uexp" 134
"D:/Unreal_Projects/ToonTank/Content/Assets/Textures/T_ColourGrid.ubulk" 135
"D:/Unreal_Projects/ToonTank/Content/Assets/Textures/T_ColourGrid.uasset" 136
"D:/Unreal_Projects/ToonTank/Content/Assets/Textures/T_ColourGrid.uexp" 137
"D:/Unreal_Projects/ToonTank/Content/Assets/Materials/M_TextureBase.uasset" 138
"D:/Unreal_Projects/ToonTank/Content/Assets/Materials/M_TextureBase.uexp" 139
"D:/Unreal_Projects/ToonTank/Content/Assets/Materials/M_Texture_Inst.uasset" 140
"D:/Unreal_Projects/ToonTank/Content/Assets/Materials/M_Texture_Inst.uexp" 141
"D:/Unreal_Projects/ToonTank/Content/Assets/Materials/M_EmissiveBase.uasset" 142
"D:/Unreal_Projects/ToonTank/Content/Assets/Materials/M_EmissiveBase.uexp" 143
"D:/Unreal_Projects/ToonTank/Content/Assets/Materials/M_EmissiveRed_Inst.uasset" 144
"D:/Unreal_Projects/ToonTank/Content/Assets/Materials/M_EmissiveRed_Inst.uexp" 145
"D:/Unreal_Projects/ToonTank/Content/Assets/Meshes/SM_Projectile.uasset" 146
"D:/Unreal_Projects/ToonTank/Content/Assets/Meshes/SM_Projectile.uexp" 147
"D:/Unreal_Projects/ToonTank/Content/Assets/Effects/P_HitEffect.uasset" 148
"D:/Unreal_Projects/ToonTank/Content/Assets/Effects/P_HitEffect.uexp" 149
"D:/Unreal_Projects/ToonTank/Content/BP_Projectile.uasset" 150
"D:/Unreal_Projects/ToonTank/Content/BP_Projectile.uexp" 151
"D:/Unreal_Projects/ToonTank/Content/Assets/Materials/M_EmissiveGreen_Inst.uasset" 152
"D:/Unreal_Projects/ToonTank/Content/Assets/Materials/M_EmissiveGreen_Inst.uexp" 153
"D:/Unreal_Projects/ToonTank/Content/Assets/Meshes/SM_TankBase.uasset" 154
"D:/Unreal_Projects/ToonTank/Content/Assets/Meshes/SM_TankBase.uexp" 155
"D:/Unreal_Projects/ToonTank/Content/Assets/Meshes/SM_TankTurret.uasset" 156
"D:/Unreal_Projects/ToonTank/Content/Assets/Meshes/SM_TankTurret.uexp" 157
"D:/Unreal_Projects/ToonTank/Content/BP_Tank_0.uasset" 158
"D:/Unreal_Projects/ToonTank/Content/BP_Tank_0.uexp" 159
"D:/Unreal_Projects/ToonTank/Content/BP_ToonTankModeBase.uasset" 160
"D:/Unreal_Projects/ToonTank/Content/BP_ToonTankModeBase.uexp" 161
"D:/Unreal_Projects/ToonTank/Content/Assets/Meshes/SM_TowerTurret.uasset" 162
"D:/Unreal_Projects/ToonTank/Content/Assets/Meshes/SM_TowerTurret.uexp" 163
"D:/Unreal_Projects/ToonTank/Content/Assets/Meshes/SM_TowerBase.uasset" 164
"D:/Unreal_Projects/ToonTank/Content/Assets/Meshes/SM_TowerBase.uexp" 165
"D:/Unreal_Projects/ToonTank/Content/BP_EnemyTurrets_0.uasset" 166
"D:/Unreal_Projects/ToonTank/Content/BP_EnemyTurrets_0.uexp" 167
"D:/Unreal_Projects/ToonTank/Content/AI/BB_EnemyTankBlackboardData.uasset" 168
"D:/Unreal_Projects/ToonTank/Content/AI/BB_EnemyTankBlackboardData.uexp" 169
"D:/Unreal_Projects/ToonTank/Content/AI/Tasks/BTTask_SetInitialDirection.uasset" 170
"D:/Unreal_Projects/ToonTank/Content/AI/Tasks/BTTask_SetInitialDirection.uexp" 171
"D:/Unreal_Projects/ToonTank/Content/AI/BT_EnemyTankBehaviorTree.uasset" 172
"D:/Unreal_Projects/ToonTank/Content/AI/BT_EnemyTankBehaviorTree.uexp" 173
"D:/Unreal_Projects/ToonTank/Content/AI/BP_EnemyTankController.uasset" 174
"D:/Unreal_Projects/ToonTank/Content/AI/BP_EnemyTankController.uexp" 175
"D:/Unreal_Projects/ToonTank/Content/Assets/Textures/T_ColourGrid_Enemy.ubulk" 176
"D:/Unreal_Projects/ToonTank/Content/Assets/Textures/T_ColourGrid_Enemy.uasset" 177
"D:/Unreal_Projects/ToonTank/Content/Assets/Textures/T_ColourGrid_Enemy.uexp" 178
"D:/Unreal_Projects/ToonTank/Content/Assets/Materials/M_TextureBase_Enemy.uasset" 179
"D:/Unreal_Projects/ToonTank/Content/Assets/Materials/M_TextureBase_Enemy.uexp" 180
"D:/Unreal_Projects/ToonTank/Content/AI/BP_EnemyTank.uasset" 181
"D:/Unreal_Projects/ToonTank/Content/AI/BP_EnemyTank.uexp" 182
"../../../Engine/Content/Functions/Engine_MaterialFunctions02/WorldPositionOffset/CameraOffset.uasset" 183
"../../../Engine/Content/Functions/Engine_MaterialFunctions02/WorldPositionOffset/CameraOffset.uexp" 184
"../../../Engine/Plugins/Animation/ControlRig/Content/M_Manip.uasset" 185
"../../../Engine/Plugins/Animation/ControlRig/Content/M_Manip.uexp" 186
"../../../Engine/Content/Animation/DefaultRecorderBoneCompression.uasset" 187
"../../../Engine/Content/Animation/DefaultRecorderBoneCompression.uexp" 188
"../../../Engine/Content/Animation/DefaultAnimCurveCompressionSettings.uasset" 189
"../../../Engine/Content/Animation/DefaultAnimCurveCompressionSettings.uexp" 190
"../../../Engine/Content/Animation/DefaultAnimBoneCompressionSettings.uasset" 191
"../../../Engine/Content/Animation/DefaultAnimBoneCompressionSettings.uexp" 192
"../../../Engine/Content/BasicShapes/Plane.uasset" 193
"../../../Engine/Content/BasicShapes/Plane.uexp" 194
"../../../Engine/Content/EngineMaterials/DefaultMaterial.uasset" 195
"../../../Engine/Content/EngineMaterials/DefaultMaterial.uexp" 196
"../../../Engine/Content/BasicShapes/Cylinder.uasset" 197
"../../../Engine/Content/BasicShapes/Cylinder.uexp" 198
"../../../Engine/Plugins/Animation/ControlRig/Content/Controls/DefaultGizmoLibraryNormalized.uasset" 199
"../../../Engine/Plugins/Animation/ControlRig/Content/Controls/DefaultGizmoLibraryNormalized.uexp" 200
"../../../Engine/Plugins/Animation/ControlRig/Content/Controls/ControlRig_Wedge_solid.uasset" 201
"../../../Engine/Plugins/Animation/ControlRig/Content/Controls/ControlRig_Wedge_solid.uexp" 202
"../../../Engine/Plugins/Animation/ControlRig/Content/Controls/ControlRig_Wedge_3mm.uasset" 203
"../../../Engine/Plugins/Animation/ControlRig/Content/Controls/ControlRig_Wedge_3mm.uexp" 204
"../../../Engine/Plugins/Animation/ControlRig/Content/Controls/ControlRig_Wedge_1mm.uasset" 205
"../../../Engine/Plugins/Animation/ControlRig/Content/Controls/ControlRig_Wedge_1mm.uexp" 206
"../../../Engine/Plugins/Animation/ControlRig/Content/Controls/ControlRig_Triangle_solid.uasset" 207
"../../../Engine/Plugins/Animation/ControlRig/Content/Controls/ControlRig_Triangle_solid.uexp" 208
"../../../Engine/Plugins/Animation/ControlRig/Content/Controls/ControlRig_Triangle_3mm.uasset" 209
"../../../Engine/Plugins/Animation/ControlRig/Content/Controls/ControlRig_Triangle_3mm.uexp" 210
"../../../Engine/Plugins/Animation/ControlRig/Content/Controls/ControlRig_Triangle_1mm.uasset" 211
"../../../Engine/Plugins/Animation/ControlRig/Content/Controls/ControlRig_Triangle_1mm.uexp" 212
"../../../Engine/Plugins/Animation/ControlRig/Content/Controls/ControlRig_Star4_solid.uasset" 213
"../../../Engine/Plugins/Animation/ControlRig/Content/Controls/ControlRig_Star4_solid.uexp" 214
"../../../Engine/Plugins/Animation/ControlRig/Content/Controls/ControlRig_Star4_3mm.uasset" 215
"../../../Engine/Plugins/Animation/ControlRig/Content/Controls/ControlRig_Star4_3mm.uexp" 216
"../../../Engine/Plugins/Animation/ControlRig/Content/Controls/ControlRig_Star4_1mm.uasset" 217
"../../../Engine/Plugins/Animation/ControlRig/Content/Controls/ControlRig_Star4_1mm.uexp" 218
"../../../Engine/Plugins/Animation/ControlRig/Content/Controls/ControlRig_Square_solid.uasset" 219
"../../../Engine/Plugins/Animation/ControlRig/Content/Controls/ControlRig_Square_solid.uexp" 220
"../../../Engine/Plugins/Animation/ControlRig/Content/Controls/ControlRig_Square_3mm.uasset" 221
"../../../Engine/Plugins/Animation/ControlRig/Content/Controls/ControlRig_Square_3mm.uexp" 222
"../../../Engine/Plugins/Animation/ControlRig/Content/Controls/ControlRig_Square_1mm.uasset" 223
"../../../Engine/Plugins/Animation/ControlRig/Content/Controls/ControlRig_Square_1mm.uexp" 224
"../../../Engine/Plugins/Animation/ControlRig/Content/Controls/ControlRig_Sphere_solid.uasset" 225
"../../../Engine/Plugins/Animation/ControlRig/Content/Controls/ControlRig_Sphere_solid.uexp" 226
"../../../Engine/Plugins/Animation/ControlRig/Content/Controls/ControlRig_Sphere_3mm.uasset" 227
"../../../Engine/Plugins/Animation/ControlRig/Content/Controls/ControlRig_Sphere_3mm.uexp" 228
"../../../Engine/Plugins/Animation/ControlRig/Content/Controls/ControlRig_Sphere_1mm.uasset" 229
"../../../Engine/Plugins/Animation/ControlRig/Content/Controls/ControlRig_Sphere_1mm.uexp" 230
"../../../Engine/Plugins/Animation/ControlRig/Content/Controls/ControlRig_RoundedTriangle_solid.uasset" 231
"../../../Engine/Plugins/Animation/ControlRig/Content/Controls/ControlRig_RoundedTriangle_solid.uexp" 232
"../../../Engine/Plugins/Animation/ControlRig/Content/Controls/ControlRig_RoundedTriangle_3mm.uasset" 233
"../../../Engine/Plugins/Animation/ControlRig/Content/Controls/ControlRig_RoundedTriangle_3mm.uexp" 234
"../../../Engine/Plugins/Animation/ControlRig/Content/Controls/ControlRig_RoundedTriangle_1mm.uasset" 235
"../../../Engine/Plugins/Animation/ControlRig/Content/Controls/ControlRig_RoundedTriangle_1mm.uexp" 236
"../../../Engine/Plugins/Animation/ControlRig/Content/Controls/ControlRig_RoundedSquare_solid.uasset" 237
"../../../Engine/Plugins/Animation/ControlRig/Content/Controls/ControlRig_RoundedSquare_solid.uexp" 238
"../../../Engine/Plugins/Animation/ControlRig/Content/Controls/ControlRig_RoundedSquare_3mm.uasset" 239
"../../../Engine/Plugins/Animation/ControlRig/Content/Controls/ControlRig_RoundedSquare_3mm.uexp" 240
"../../../Engine/Plugins/Animation/ControlRig/Content/Controls/ControlRig_RoundedSquare_1mm.uasset" 241
"../../../Engine/Plugins/Animation/ControlRig/Content/Controls/ControlRig_RoundedSquare_1mm.uexp" 242
"../../../Engine/Plugins/Animation/ControlRig/Content/Controls/ControlRig_QuarterCircle_solid.uasset" 243
"../../../Engine/Plugins/Animation/ControlRig/Content/Controls/ControlRig_QuarterCircle_solid.uexp" 244
"../../../Engine/Plugins/Animation/ControlRig/Content/Controls/ControlRig_QuarterCircle_3mm.uasset" 245
"../../../Engine/Plugins/Animation/ControlRig/Content/Controls/ControlRig_QuarterCircle_3mm.uexp" 246
"../../../Engine/Plugins/Animation/ControlRig/Content/Controls/ControlRig_QuarterCircle_1mm.uasset" 247
"../../../Engine/Plugins/Animation/ControlRig/Content/Controls/ControlRig_QuarterCircle_1mm.uexp" 248
"../../../Engine/Plugins/Animation/ControlRig/Content/Controls/ControlRig_Pyramid_solid.uasset" 249
"../../../Engine/Plugins/Animation/ControlRig/Content/Controls/ControlRig_Pyramid_solid.uexp" 250
"../../../Engine/Plugins/Runtime/MeshModelingToolset/Content/Materials/M_DynamicMeshComponentVtxColor.uasset" 251
"../../../Engine/Plugins/Runtime/MeshModelingToolset/Content/Materials/M_DynamicMeshComponentVtxColor.uexp" 252
"../../../Engine/Plugins/Interchange/Runtime/Content/Pipelines/DefaultTexturePipeline.uasset" 253
"../../../Engine/Plugins/Interchange/Runtime/Content/Pipelines/DefaultTexturePipeline.uexp" 254
"../../../Engine/Plugins/Interchange/Runtime/Content/Pipelines/DefaultSceneLevelPipeline.uasset" 255
"../../../Engine/Plugins/Interchange/Runtime/Content/Pipelines/DefaultSceneLevelPipeline.uexp" 256
"../../../Engine/Plugins/Interchange/Runtime/Content/Pipelines/DefaultSceneAssetsPipeline.uasset" 257
"../../../Engine/Plugins/Interchange/Runtime/Content/Pipelines/DefaultSceneAssetsPipeline.uexp" 258
"../../../Engine/Plugins/Interchange/Runtime/Content/Pipelines/DefaultMaterialPipeline.uasset" 259
"../../../Engine/Plugins/Interchange/Runtime/Content/Pipelines/DefaultMaterialPipeline.uexp" 260
"../../../Engine/Plugins/Interchange/Runtime/Content/Pipelines/DefaultAssetsPipeline.uasset" 261
"../../../Engine/Plugins/Interchange/Runtime/Content/Pipelines/DefaultAssetsPipeline.uexp" 262
"../../../Engine/Plugins/Editor/SpeedTreeImporter/Content/SpeedTree9/game_wind_noise.ubulk" 263
"../../../Engine/Plugins/Editor/SpeedTreeImporter/Content/SpeedTree9/game_wind_noise.uasset" 264
"../../../Engine/Plugins/Editor/SpeedTreeImporter/Content/SpeedTree9/game_wind_noise.uexp" 265
"../../../Engine/Plugins/Editor/SpeedTreeImporter/Content/SpeedTree9/UnpackDirection.uasset" 266
"../../../Engine/Plugins/Editor/SpeedTreeImporter/Content/SpeedTree9/UnpackDirection.uexp" 267
"../../../Engine/Content/Functions/Engine_MaterialFunctions02/ObjectLocalBounds.uasset" 268
"../../../Engine/Content/Functions/Engine_MaterialFunctions02/ObjectLocalBounds.uexp" 269
"../../../Engine/Content/Functions/Engine_MaterialFunctions02/Utility/BreakOutFloat3Components.uasset" 270
"../../../Engine/Content/Functions/Engine_MaterialFunctions02/Utility/BreakOutFloat3Components.uexp" 271
"../../../Engine/Content/Functions/Engine_MaterialFunctions02/UVs/BoundingBoxBased_0-1_UVW.uasset" 272
"../../../Engine/Content/Functions/Engine_MaterialFunctions02/UVs/BoundingBoxBased_0-1_UVW.uexp" 273
"../../../Engine/Content/Functions/Engine_MaterialFunctions02/Utility/VectorLength.uasset" 274
"../../../Engine/Content/Functions/Engine_MaterialFunctions02/Utility/VectorLength.uexp" 275
"../../../Engine/Plugins/Editor/SpeedTreeImporter/Content/SpeedTree9/UnpackInteger3.uasset" 276
"../../../Engine/Plugins/Editor/SpeedTreeImporter/Content/SpeedTree9/UnpackInteger3.uexp" 277
"../../../Engine/Plugins/Editor/SpeedTreeImporter/Content/SpeedTree9/SpeedTreeCameraFacing.uasset" 278
"../../../Engine/Plugins/Editor/SpeedTreeImporter/Content/SpeedTree9/SpeedTreeCameraFacing.uexp" 279
"../../../Engine/Content/Functions/Engine_MaterialFunctions02/WorldPositionOffset/ObjectScale.uasset" 280
"../../../Engine/Content/Functions/Engine_MaterialFunctions02/WorldPositionOffset/ObjectScale.uexp" 281
"../../../Engine/Content/Functions/Engine_MaterialFunctions02/SafeNormalize.uasset" 282
"../../../Engine/Content/Functions/Engine_MaterialFunctions02/SafeNormalize.uexp" 283
"../../../Engine/Plugins/Editor/SpeedTreeImporter/Content/SpeedTree9/SpeedTreeWindMotion.uasset" 284
"../../../Engine/Plugins/Editor/SpeedTreeImporter/Content/SpeedTree9/SpeedTreeWindMotion.uexp" 285
"../../../Engine/Plugins/Editor/SpeedTreeImporter/Content/SpeedTree9/SpeedTreeBranchMotion.uasset" 286
"../../../Engine/Plugins/Editor/SpeedTreeImporter/Content/SpeedTree9/SpeedTreeBranchMotion.uexp" 287
"../../../Engine/Plugins/Editor/SpeedTreeImporter/Content/SpeedTree9/SpeedTreeWind.uasset" 288
"../../../Engine/Plugins/Editor/SpeedTreeImporter/Content/SpeedTree9/SpeedTreeWind.uexp" 289
"../../../Engine/Plugins/Editor/SpeedTreeImporter/Content/SpeedTree9/EmptyNormal.uasset" 290
"../../../Engine/Plugins/Editor/SpeedTreeImporter/Content/SpeedTree9/EmptyNormal.uexp" 291
"../../../Engine/Plugins/Editor/SpeedTreeImporter/Content/SpeedTree9/Empty.uasset" 292
"../../../Engine/Plugins/Editor/SpeedTreeImporter/Content/SpeedTree9/Empty.uexp" 293
"../../../Engine/Plugins/Editor/SpeedTreeImporter/Content/SpeedTree9/SpeedTreeMaster.uasset" 294
"../../../Engine/Plugins/Editor/SpeedTreeImporter/Content/SpeedTree9/SpeedTreeMaster.uexp" 295
"../../../Engine/Plugins/Editor/SpeedTreeImporter/Content/SpeedTree9/SpeedTreeBillboard.uasset" 296
"../../../Engine/Plugins/Editor/SpeedTreeImporter/Content/SpeedTree9/SpeedTreeBillboard.uexp" 297
"../../../Engine/Plugins/Editor/SpeedTreeImporter/Content/SpeedTree9/SpeedTreeBillboardMaster.uasset" 298
"../../../Engine/Plugins/Editor/SpeedTreeImporter/Content/SpeedTree9/SpeedTreeBillboardMaster.uexp" 299
"../../../Engine/Plugins/Animation/ControlRig/Content/Controls/ControlRig_Pyramid_3mm.uasset" 300
"../../../Engine/Plugins/Animation/ControlRig/Content/Controls/ControlRig_Pyramid_3mm.uexp" 301
"../../../Engine/Plugins/Animation/ControlRig/Content/Controls/ControlRig_Pyramid_1mm.uasset" 302
"../../../Engine/Plugins/Animation/ControlRig/Content/Controls/ControlRig_Pyramid_1mm.uexp" 303
"../../../Engine/Plugins/Animation/ControlRig/Content/Controls/ControlRig_Octagon_solid.uasset" 304
"../../../Engine/Plugins/Animation/ControlRig/Content/Controls/ControlRig_Octagon_solid.uexp" 305
"../../../Engine/Plugins/Animation/ControlRig/Content/Controls/ControlRig_Octagon_3mm.uasset" 306
"../../../Engine/Plugins/Animation/ControlRig/Content/Controls/ControlRig_Octagon_3mm.uexp" 307
"../../../Engine/Plugins/Animation/ControlRig/Content/Controls/ControlRig_Octagon_1mm.uasset" 308
"../../../Engine/Plugins/Animation/ControlRig/Content/Controls/ControlRig_Octagon_1mm.uexp" 309
"../../../Engine/Plugins/Animation/ControlRig/Content/Controls/ControlRig_Hexagon_solid.uasset" 310
"../../../Engine/Plugins/Animation/ControlRig/Content/Controls/ControlRig_Hexagon_solid.uexp" 311
"../../../Engine/Plugins/Animation/ControlRig/Content/Controls/ControlRig_Hexagon_3mm.uasset" 312
"../../../Engine/Plugins/Animation/ControlRig/Content/Controls/ControlRig_Hexagon_3mm.uexp" 313
"../../../Engine/Plugins/Animation/ControlRig/Content/Controls/ControlRig_Hexagon_1mm.uasset" 314
"../../../Engine/Plugins/Animation/ControlRig/Content/Controls/ControlRig_Hexagon_1mm.uexp" 315
"../../../Engine/Plugins/Animation/ControlRig/Content/Controls/ControlRig_HalfCircle_solid.uasset" 316
"../../../Engine/Plugins/Animation/ControlRig/Content/Controls/ControlRig_HalfCircle_solid.uexp" 317
"../../../Engine/Plugins/Animation/ControlRig/Content/Controls/ControlRig_HalfCircle_3mm.uasset" 318
"../../../Engine/Plugins/Animation/ControlRig/Content/Controls/ControlRig_HalfCircle_3mm.uexp" 319
"../../../Engine/Plugins/Animation/ControlRig/Content/Controls/ControlRig_HalfCircle_1mm.uasset" 320
"../../../Engine/Plugins/Animation/ControlRig/Content/Controls/ControlRig_HalfCircle_1mm.uexp" 321
"../../../Engine/Plugins/Animation/ControlRig/Content/Controls/ControlRig_Diamond_solid.uasset" 322
"../../../Engine/Plugins/Animation/ControlRig/Content/Controls/ControlRig_Diamond_solid.uexp" 323
"../../../Engine/Plugins/Animation/ControlRig/Content/Controls/ControlRig_Diamond_3mm.uasset" 324
"../../../Engine/Plugins/Animation/ControlRig/Content/Controls/ControlRig_Diamond_3mm.uexp" 325
"../../../Engine/Plugins/Animation/ControlRig/Content/Controls/ControlRig_Diamond_1mm.uasset" 326
"../../../Engine/Plugins/Animation/ControlRig/Content/Controls/ControlRig_Diamond_1mm.uexp" 327
"../../../Engine/Plugins/Animation/ControlRig/Content/Controls/ControlRig_Circle_solid.uasset" 328
"../../../Engine/Plugins/Animation/ControlRig/Content/Controls/ControlRig_Circle_solid.uexp" 329
"../../../Engine/Plugins/Animation/ControlRig/Content/Controls/ControlRig_Circle_3mm.uasset" 330
"../../../Engine/Plugins/Animation/ControlRig/Content/Controls/ControlRig_Circle_3mm.uexp" 331
"../../../Engine/Plugins/Animation/ControlRig/Content/Controls/ControlRig_Circle_1mm.uasset" 332
"../../../Engine/Plugins/Animation/ControlRig/Content/Controls/ControlRig_Circle_1mm.uexp" 333
"../../../Engine/Plugins/Animation/ControlRig/Content/Controls/ControlRig_Box_solid.uasset" 334
"../../../Engine/Plugins/Animation/ControlRig/Content/Controls/ControlRig_Box_solid.uexp" 335
"../../../Engine/Plugins/Animation/ControlRig/Content/Controls/ControlRig_Box_3mm.uasset" 336
"../../../Engine/Plugins/Animation/ControlRig/Content/Controls/ControlRig_Box_3mm.uexp" 337
"../../../Engine/Plugins/Animation/ControlRig/Content/Controls/ControlRig_Box_1mm.uasset" 338
"../../../Engine/Plugins/Animation/ControlRig/Content/Controls/ControlRig_Box_1mm.uexp" 339
"../../../Engine/Plugins/Animation/ControlRig/Content/Controls/ControlRig_Arrow_solid.uasset" 340
"../../../Engine/Plugins/Animation/ControlRig/Content/Controls/ControlRig_Arrow_solid.uexp" 341
"../../../Engine/Plugins/Animation/ControlRig/Content/Controls/ControlRig_Arrow_3mm.uasset" 342
"../../../Engine/Plugins/Animation/ControlRig/Content/Controls/ControlRig_Arrow_3mm.uexp" 343
"../../../Engine/Plugins/Animation/ControlRig/Content/Controls/ControlRig_Arrow_1mm.uasset" 344
"../../../Engine/Plugins/Animation/ControlRig/Content/Controls/ControlRig_Arrow_1mm.uexp" 345
"../../../Engine/Plugins/Animation/ControlRig/Content/Controls/ControlRig_Arrow4_solid.uasset" 346
"../../../Engine/Plugins/Animation/ControlRig/Content/Controls/ControlRig_Arrow4_solid.uexp" 347
"../../../Engine/Plugins/Animation/ControlRig/Content/Controls/ControlRig_Arrow4_3mm.uasset" 348
"../../../Engine/Plugins/Animation/ControlRig/Content/Controls/ControlRig_Arrow4_3mm.uexp" 349
"../../../Engine/Plugins/Animation/ControlRig/Content/Controls/ControlRig_Arrow4_1mm.uasset" 350
"../../../Engine/Plugins/Animation/ControlRig/Content/Controls/ControlRig_Arrow4_1mm.uexp" 351
"../../../Engine/Plugins/Animation/ControlRig/Content/Controls/ControlRig_Arrow2_solid.uasset" 352
"../../../Engine/Plugins/Animation/ControlRig/Content/Controls/ControlRig_Arrow2_solid.uexp" 353
"../../../Engine/Plugins/Animation/ControlRig/Content/Controls/ControlRig_Arrow2_3mm.uasset" 354
"../../../Engine/Plugins/Animation/ControlRig/Content/Controls/ControlRig_Arrow2_3mm.uexp" 355
"../../../Engine/Plugins/Animation/ControlRig/Content/Controls/ControlRig_Arrow2_1mm.uasset" 356
"../../../Engine/Plugins/Animation/ControlRig/Content/Controls/ControlRig_Arrow2_1mm.uexp" 357
"../../../Engine/Plugins/Animation/ControlRig/Content/Controls/ControlRigXRayMaterial.uasset" 358
"../../../Engine/Plugins/Animation/ControlRig/Content/Controls/ControlRigXRayMaterial.uexp" 359
"../../../Engine/Plugins/Animation/ControlRig/Content/Controls/ControlRigGizmoMaterial.uasset" 360
"../../../Engine/Plugins/Animation/ControlRig/Content/Controls/ControlRigGizmoMaterial.uexp" 361
"../../../Engine/Content/EngineSounds/Master.uasset" 362
"../../../Engine/Content/EngineSounds/Master.uexp" 363
"../../../Engine/Content/EngineResources/WhiteSquareTexture.uasset" 364
"../../../Engine/Content/EngineResources/WhiteSquareTexture.uexp" 365
"../../../Engine/Content/EngineMaterials/Widget3DPassThrough.uasset" 366
"../../../Engine/Content/EngineMaterials/Widget3DPassThrough.uexp" 367
"../../../Engine/Content/EngineMaterials/Widget3DPassThrough_Translucent.uasset" 368
"../../../Engine/Content/EngineMaterials/Widget3DPassThrough_Translucent.uexp" 369
"../../../Engine/Content/EngineMaterials/Widget3DPassThrough_Translucent_OneSided.uasset" 370
"../../../Engine/Content/EngineMaterials/Widget3DPassThrough_Translucent_OneSided.uexp" 371
"../../../Engine/Content/EngineMaterials/Widget3DPassThrough_Opaque.uasset" 372
"../../../Engine/Content/EngineMaterials/Widget3DPassThrough_Opaque.uexp" 373
"../../../Engine/Content/EngineMaterials/Widget3DPassThrough_Opaque_OneSided.uasset" 374
"../../../Engine/Content/EngineMaterials/Widget3DPassThrough_Opaque_OneSided.uexp" 375
"../../../Engine/Content/EngineMaterials/Widget3DPassThrough_Masked_OneSided.uasset" 376
"../../../Engine/Content/EngineMaterials/Widget3DPassThrough_Masked_OneSided.uexp" 377
"../../../Engine/Content/EngineMaterials/Widget3DPassThrough_Masked.uasset" 378
"../../../Engine/Content/EngineMaterials/Widget3DPassThrough_Masked.uexp" 379
"../../../Engine/Content/EngineMaterials/STBlueNoise_vec2_128x128x64.uasset" 380
"../../../Engine/Content/EngineMaterials/STBlueNoise_vec2_128x128x64.uexp" 381
"../../../Engine/Content/EngineMaterials/STBlueNoise_scalar_128x128x64.uasset" 382
"../../../Engine/Content/EngineMaterials/STBlueNoise_scalar_128x128x64.uexp" 383
"../../../Engine/Content/EngineMaterials/RemoveSurfaceMaterial.uasset" 384
"../../../Engine/Content/EngineMaterials/RemoveSurfaceMaterial.uexp" 385
"../../../Engine/Content/EngineMaterials/DefaultCalibrationGrayscale.uasset" 386
"../../../Engine/Content/EngineMaterials/DefaultCalibrationGrayscale.uexp" 387
"../../../Engine/Content/EngineMaterials/PPM_DefaultCalibrationGrayscale.uasset" 388
"../../../Engine/Content/EngineMaterials/PPM_DefaultCalibrationGrayscale.uexp" 389
"../../../Engine/Content/EngineMaterials/DefaultCalibrationColor.uasset" 390
"../../../Engine/Content/EngineMaterials/DefaultCalibrationColor.uexp" 391
"../../../Engine/Content/EngineMaterials/PPM_DefaultCalibrationColor.uasset" 392
"../../../Engine/Content/EngineMaterials/PPM_DefaultCalibrationColor.uexp" 393
"../../../Engine/Content/EngineMaterials/PhAT_JointLimitMaterial.uasset" 394
"../../../Engine/Content/EngineMaterials/PhAT_JointLimitMaterial.uexp" 395
"../../../Engine/Content/EngineMaterials/NaniteHiddenSectionMaterial.uasset" 396
"../../../Engine/Content/EngineMaterials/NaniteHiddenSectionMaterial.uexp" 397
"../../../Engine/Content/EngineMaterials/InvalidLightmapSettings.ubulk" 398
"../../../Engine/Content/EngineMaterials/InvalidLightmapSettings.uasset" 399
"../../../Engine/Content/EngineMaterials/InvalidLightmapSettings.uexp" 400
"../../../Engine/Content/EngineMaterials/M_InvalidLightmapSettings.uasset" 401
"../../../Engine/Content/EngineMaterials/M_InvalidLightmapSettings.uexp" 402
"../../../Engine/Content/EngineMaterials/GizmoMaterial.uasset" 403
"../../../Engine/Content/EngineMaterials/GizmoMaterial.uexp" 404
"../../../Engine/Content/EngineMaterials/BaseFlattenEmissiveMap_VT.uasset" 405
"../../../Engine/Content/EngineMaterials/BaseFlattenEmissiveMap_VT.uexp" 406
"../../../Engine/Content/EngineMaterials/BaseFlattenGrayscaleMap_VT.uasset" 407
"../../../Engine/Content/EngineMaterials/BaseFlattenGrayscaleMap_VT.uexp" 408
"../../../Engine/Content/EngineMaterials/BaseFlattenLinearColor_VT.uasset" 409
"../../../Engine/Content/EngineMaterials/BaseFlattenLinearColor_VT.uexp" 410
"../../../Engine/Content/EngineMaterials/Black_1x1_EXR_Texture_VT.uasset" 411
"../../../Engine/Content/EngineMaterials/Black_1x1_EXR_Texture_VT.uexp" 412
"../../../Engine/Content/EngineMaterials/BaseFlattenDiffuseMap_VT.uasset" 413
"../../../Engine/Content/EngineMaterials/BaseFlattenDiffuseMap_VT.uexp" 414
"../../../Engine/Content/EngineMaterials/BaseFlattenNormalMap_VT.uasset" 415
"../../../Engine/Content/EngineMaterials/BaseFlattenNormalMap_VT.uexp" 416
"../../../Engine/Content/EngineMaterials/FlattenMaterial_WS_Normal_VT.uasset" 417
"../../../Engine/Content/EngineMaterials/FlattenMaterial_WS_Normal_VT.uexp" 418
"../../../Engine/Content/EngineMaterials/FlattenMaterial_VT.uasset" 419
"../../../Engine/Content/EngineMaterials/FlattenMaterial_VT.uexp" 420
"../../../Engine/Content/EngineMaterials/BaseFlattenNormalMap.uasset" 421
"../../../Engine/Content/EngineMaterials/BaseFlattenNormalMap.uexp" 422
"../../../Engine/Content/EngineMaterials/BaseFlattenGrayscaleMap.uasset" 423
"../../../Engine/Content/EngineMaterials/BaseFlattenGrayscaleMap.uexp" 424
"../../../Engine/Content/EngineMaterials/BaseFlattenDiffuseMap.uasset" 425
"../../../Engine/Content/EngineMaterials/BaseFlattenDiffuseMap.uexp" 426
"../../../Engine/Content/Functions/Engine_MaterialFunctions02/PivotPainter2/Black_1x1_EXR_Texture.uasset" 427
"../../../Engine/Content/Functions/Engine_MaterialFunctions02/PivotPainter2/Black_1x1_EXR_Texture.uexp" 428
"../../../Engine/Content/EngineMaterials/BaseFlattenEmissiveMap.uasset" 429
"../../../Engine/Content/EngineMaterials/BaseFlattenEmissiveMap.uexp" 430
"../../../Engine/Content/EngineMaterials/BaseFlattenLinearColor.uasset" 431
"../../../Engine/Content/EngineMaterials/BaseFlattenLinearColor.uexp" 432
"../../../Engine/Content/EngineMaterials/FlattenMaterial.uasset" 433
"../../../Engine/Content/EngineMaterials/FlattenMaterial.uexp" 434
"../../../Engine/Content/EngineMaterials/DefaultWhiteGrid_Low.uasset" 435
"../../../Engine/Content/EngineMaterials/DefaultWhiteGrid_Low.uexp" 436
"../../../Engine/Content/EngineMaterials/EmissiveMeshMaterial.uasset" 437
"../../../Engine/Content/EngineMaterials/EmissiveMeshMaterial.uexp" 438
"../../../Engine/Content/EngineFonts/RobotoDistanceField.uasset" 439
"../../../Engine/Content/EngineFonts/RobotoDistanceField.uexp" 440
"../../../Engine/Content/EngineMaterials/DefaultTextMaterialOpaque.uasset" 441
"../../../Engine/Content/EngineMaterials/DefaultTextMaterialOpaque.uexp" 442
"../../../Engine/Content/EngineMaterials/DefaultDiffuse.ubulk" 443
"../../../Engine/Content/EngineMaterials/DefaultDiffuse.uasset" 444
"../../../Engine/Content/EngineMaterials/DefaultDiffuse.uexp" 445
"../../../Engine/Content/Functions/Engine_MaterialFunctions02/Utility/BreakOutFloat2Components.uasset" 446
"../../../Engine/Content/Functions/Engine_MaterialFunctions02/Utility/BreakOutFloat2Components.uexp" 447
"../../../Engine/Content/EngineMaterials/DefaultPostProcessMaterial.uasset" 448
"../../../Engine/Content/EngineMaterials/DefaultPostProcessMaterial.uexp" 449
"../../../Engine/Content/EngineMaterials/DefaultPhysicalMaterial.uasset" 450
"../../../Engine/Content/EngineMaterials/DefaultPhysicalMaterial.uexp" 451
"../../../Engine/Content/EngineMaterials/DefaultLightFunctionMaterial.uasset" 452
"../../../Engine/Content/EngineMaterials/DefaultLightFunctionMaterial.uexp" 453
"../../../Engine/Content/EngineMaterials/DefaultDestructiblePhysicalMaterial.uasset" 454
"../../../Engine/Content/EngineMaterials/DefaultDestructiblePhysicalMaterial.uexp" 455
"../../../Engine/Content/EngineMaterials/DefaultDeferredDecalMaterial.uasset" 456
"../../../Engine/Content/EngineMaterials/DefaultDeferredDecalMaterial.uexp" 457
"../../../Engine/Content/EngineMaterials/DefaultBloomKernel.uasset" 458
"../../../Engine/Content/EngineMaterials/DefaultBloomKernel.uexp" 459
"../../../Engine/Content/EngineFonts/Faces/RobotoLight.uexp" 460
"../../../Engine/Content/EngineFonts/Faces/RobotoLight.uasset" 461
"../../../Engine/Content/EngineFonts/Faces/RobotoLight.ufont" 462
"../../../Engine/Content/EngineFonts/Faces/RobotoBold.uexp" 463
"../../../Engine/Content/EngineFonts/Faces/RobotoBold.uasset" 464
"../../../Engine/Content/EngineFonts/Faces/RobotoBold.ufont" 465
"../../../Engine/Content/EngineFonts/Faces/RobotoRegular.uexp" 466
"../../../Engine/Content/EngineFonts/Faces/RobotoRegular.uasset" 467
"../../../Engine/Content/EngineFonts/Faces/RobotoRegular.ufont" 468
"../../../Engine/Content/EngineFonts/Faces/DroidSansFallback.uexp" 469
"../../../Engine/Content/EngineFonts/Faces/DroidSansFallback.uasset" 470
"../../../Engine/Content/EngineFonts/Faces/DroidSansFallback.ufont" 471
"../../../Engine/Content/EngineFonts/Faces/RobotoItalic.uexp" 472
"../../../Engine/Content/EngineFonts/Faces/RobotoItalic.uasset" 473
"../../../Engine/Content/EngineFonts/Faces/RobotoItalic.ufont" 474
"../../../Engine/Content/EngineFonts/Faces/RobotoBoldItalic.uexp" 475
"../../../Engine/Content/EngineFonts/Faces/RobotoBoldItalic.uasset" 476
"../../../Engine/Content/EngineFonts/Faces/RobotoBoldItalic.ufont" 477
"../../../Engine/Content/EngineFonts/Roboto.uasset" 478
"../../../Engine/Content/EngineFonts/Roboto.uexp" 479
"../../../Engine/Content/Functions/Engine_MaterialFunctions02/Utility/CameraDirectionVector.uasset" 480
"../../../Engine/Content/Functions/Engine_MaterialFunctions02/Utility/CameraDirectionVector.uexp" 481
"../../../Engine/Content/EngineDebugMaterials/VolumeToRender.uasset" 482
"../../../Engine/Content/EngineDebugMaterials/VolumeToRender.uexp" 483
"../../../Engine/Content/EngineDebugMaterials/M_VolumeRenderSphereTracePP.uasset" 484
"../../../Engine/Content/EngineDebugMaterials/M_VolumeRenderSphereTracePP.uexp" 485
"../../../Engine/Content/EngineDebugMaterials/M_SimpleUnlitTranslucent.uasset" 486
"../../../Engine/Content/EngineDebugMaterials/M_SimpleUnlitTranslucent.uexp" 487
"../../../Engine/Content/EngineDebugMaterials/DebugMeshMaterial.uasset" 488
"../../../Engine/Content/EngineDebugMaterials/DebugMeshMaterial.uexp" 489
"../../../Engine/Content/EngineDebugMaterials/DebugEditorMaterial.uasset" 490
"../../../Engine/Content/EngineDebugMaterials/DebugEditorMaterial.uexp" 491
"../../../Engine/Content/EngineDamageTypes/DmgTypeBP_Environmental.uasset" 492
"../../../Engine/Content/EngineDamageTypes/DmgTypeBP_Environmental.uexp" 493
"../../../Engine/Content/EditorResources/S_Terrain.ubulk" 494
"../../../Engine/Content/EditorResources/S_Terrain.uasset" 495
"../../../Engine/Content/EditorResources/S_Terrain.uexp" 496
"../../../Engine/Content/EditorResources/EmptyActor.uasset" 497
"../../../Engine/Content/EditorResources/EmptyActor.uexp" 498
"../../../Engine/Content/EditorResources/BSPVertex.uasset" 499
"../../../Engine/Content/EditorResources/BSPVertex.uexp" 500
"../../../Engine/Content/EditorMaterials/PreviewShadowIndicator.ubulk" 501
"../../../Engine/Content/EditorMaterials/PreviewShadowIndicator.uasset" 502
"../../../Engine/Content/EditorMaterials/PreviewShadowIndicator.uexp" 503
"../../../Engine/Content/EditorMaterials/PreviewShadowIndicatorMaterial.uasset" 504
"../../../Engine/Content/EditorMaterials/PreviewShadowIndicatorMaterial.uexp" 505
"../../../Engine/Content/EditorMaterials/PhAT_UnselectedMaterial.uasset" 506
"../../../Engine/Content/EditorMaterials/PhAT_UnselectedMaterial.uexp" 507
"../../../Engine/Content/EditorMaterials/PhAT_NoCollisionMaterial.uasset" 508
"../../../Engine/Content/EditorMaterials/PhAT_NoCollisionMaterial.uexp" 509
"../../../Engine/Content/EditorLandscapeResources/DefaultAlphaTexture.uasset" 510
"../../../Engine/Content/EditorLandscapeResources/DefaultAlphaTexture.uexp" 511
"../../../Engine/Content/EditorLandscapeResources/DataLayer.uasset" 512
"../../../Engine/Content/EditorLandscapeResources/DataLayer.uexp" 513
"../../../Engine/Content/BasicShapes/Cone.uasset" 514
"../../../Engine/Content/BasicShapes/Cone.uexp" 515
"D:/Unreal_Projects/ToonTank/Content/Assets/Audio/Thud_Audio.ubulk" 516
"D:/Unreal_Projects/ToonTank/Content/Assets/Audio/Thud_Audio.uasset" 517
"D:/Unreal_Projects/ToonTank/Content/Assets/Audio/Thud_Audio.uexp" 518
"D:/Unreal_Projects/ToonTank/Content/Assets/Audio/Explode_Audio.ubulk" 519
"D:/Unreal_Projects/ToonTank/Content/Assets/Audio/Explode_Audio.uasset" 520
"D:/Unreal_Projects/ToonTank/Content/Assets/Audio/Explode_Audio.uexp" 521
"D:/Unreal_Projects/ToonTank/Content/AI/Tasks/BTTask_RandomMove.uasset" 522
"D:/Unreal_Projects/ToonTank/Content/AI/Tasks/BTTask_RandomMove.uexp" 523
"D:/Unreal_Projects/ToonTank/Content/AI/Tasks/BTTask_CollisionDetection.uasset" 524
"D:/Unreal_Projects/ToonTank/Content/AI/Tasks/BTTask_CollisionDetection.uexp" 525
"../../../Engine/Content/MobileResources/HUD/VirtualJoystick_Background.uasset" 526
"../../../Engine/Content/MobileResources/HUD/VirtualJoystick_Background.uexp" 527
"../../../Engine/Content/MobileResources/HUD/VirtualJoystick_Thumb.uasset" 528
"../../../Engine/Content/MobileResources/HUD/VirtualJoystick_Thumb.uexp" 529
"../../../Engine/Content/MobileResources/HUD/DefaultVirtualJoysticks.uasset" 530
"../../../Engine/Content/MobileResources/HUD/DefaultVirtualJoysticks.uexp" 531
"../../../Engine/Content/EngineSky/VolumetricClouds/CloudWeatherTexture.uasset" 532
"../../../Engine/Content/EngineSky/VolumetricClouds/CloudWeatherTexture.uexp" 533
"../../../Engine/Content/Functions/Engine_MaterialFunctions02/Utility/MakeFloat2.uasset" 534
"../../../Engine/Content/Functions/Engine_MaterialFunctions02/Utility/MakeFloat2.uexp" 535
"../../../Engine/Content/EngineSky/VolumetricClouds/CloudGradientTexture.uasset" 536
"../../../Engine/Content/EngineSky/VolumetricClouds/CloudGradientTexture.uexp" 537
"../../../Engine/Content/EngineSky/VolumetricClouds/T_NoiseShape64.ubulk" 538
"../../../Engine/Content/EngineSky/VolumetricClouds/T_NoiseShape64.uasset" 539
"../../../Engine/Content/EngineSky/VolumetricClouds/T_NoiseShape64.uexp" 540
"../../../Engine/Content/EngineSky/VolumetricClouds/T_VolumeNoiseShape64.uasset" 541
"../../../Engine/Content/EngineSky/VolumetricClouds/T_VolumeNoiseShape64.uexp" 542
"../../../Engine/Content/EngineSky/VolumetricClouds/T_NoiseErosion.ubulk" 543
"../../../Engine/Content/EngineSky/VolumetricClouds/T_NoiseErosion.uasset" 544
"../../../Engine/Content/EngineSky/VolumetricClouds/T_NoiseErosion.uexp" 545
"../../../Engine/Content/EngineSky/VolumetricClouds/T_VolumeNoiseErosion32.uasset" 546
"../../../Engine/Content/EngineSky/VolumetricClouds/T_VolumeNoiseErosion32.uexp" 547
"../../../Engine/Content/EngineSky/VolumetricClouds/m_SimpleVolumetricCloud.uasset" 548
"../../../Engine/Content/EngineSky/VolumetricClouds/m_SimpleVolumetricCloud.uexp" 549
"../../../Engine/Content/EngineSky/VolumetricClouds/m_SimpleVolumetricCloud_Inst.uasset" 550
"../../../Engine/Content/EngineSky/VolumetricClouds/m_SimpleVolumetricCloud_Inst.uexp" 551
"../../../Engine/Content/EngineResources/FilmGrains/Marcie_Grain_v3_128_M2_000.uasset" 552
"../../../Engine/Content/EngineResources/FilmGrains/Marcie_Grain_v3_128_M2_000.uexp" 553
"../../../Engine/Content/EditorResources/SequenceRecorder/RecordingIndicator.uasset" 554
"../../../Engine/Content/EditorResources/SequenceRecorder/RecordingIndicator.uexp" 555
"../../../Engine/Content/EditorResources/SequenceRecorder/Countdown.uasset" 556
"../../../Engine/Content/EditorResources/SequenceRecorder/Countdown.uexp" 557
"../../../Engine/Content/EditorResources/LightIcons/S_LightError.uasset" 558
"../../../Engine/Content/EditorResources/LightIcons/S_LightError.uexp" 559
"../../../Engine/Content/Functions/Engine_MaterialFunctions01/Shading/PowerToRoughness.uasset" 560
"../../../Engine/Content/Functions/Engine_MaterialFunctions01/Shading/PowerToRoughness.uexp" 561
"../../../Engine/Content/Functions/Engine_MaterialFunctions01/Shading/ConvertFromDiffSpec.uasset" 562
"../../../Engine/Content/Functions/Engine_MaterialFunctions01/Shading/ConvertFromDiffSpec.uexp" 563
"../../../Engine/Content/Maps/Entry_BuiltData.uasset" 564
"../../../Engine/Content/Maps/Entry_BuiltData.uexp" 565
"../../../Engine/Content/Maps/Entry.uexp" 566
"../../../Engine/Content/Maps/Entry.umap" 567
"../../../Engine/Content/EngineMaterials/BlendFunc_DefBlend.uasset" 568
"../../../Engine/Content/EngineMaterials/BlendFunc_DefBlend.uexp" 569
"../../../Engine/Content/EngineMaterials/BlendFunc_DefBase.uasset" 570
"../../../Engine/Content/EngineMaterials/BlendFunc_DefBase.uexp" 571
"../../../Engine/Content/Functions/Engine_MaterialFunctions03/Blends/Blend_Overlay.uasset" 572
"../../../Engine/Content/Functions/Engine_MaterialFunctions03/Blends/Blend_Overlay.uexp" 573
"../../../Engine/Content/OpenWorldTemplate/LandscapeMaterial/T_GridChecker_A.ubulk" 574
"../../../Engine/Content/OpenWorldTemplate/LandscapeMaterial/T_GridChecker_A.uasset" 575
"../../../Engine/Content/OpenWorldTemplate/LandscapeMaterial/T_GridChecker_A.uexp" 576
"../../../Engine/Content/Functions/Engine_MaterialFunctions02/Utility/MakeFloat3.uasset" 577
"../../../Engine/Content/Functions/Engine_MaterialFunctions02/Utility/MakeFloat3.uexp" 578
"../../../Engine/Content/Functions/Engine_MaterialFunctions01/Gradient/LinearGradient.uasset" 579
"../../../Engine/Content/Functions/Engine_MaterialFunctions01/Gradient/LinearGradient.uexp" 580
"../../../Engine/Content/Functions/Engine_MaterialFunctions01/ImageAdjustment/CheapContrast.uasset" 581
"../../../Engine/Content/Functions/Engine_MaterialFunctions01/ImageAdjustment/CheapContrast.uexp" 582
"../../../Engine/Content/OpenWorldTemplate/LandscapeMaterial/MF_ProcGrid.uasset" 583
"../../../Engine/Content/OpenWorldTemplate/LandscapeMaterial/MF_ProcGrid.uexp" 584
"../../../Engine/Content/OpenWorldTemplate/LandscapeMaterial/M_ProcGrid.uasset" 585
"../../../Engine/Content/OpenWorldTemplate/LandscapeMaterial/M_ProcGrid.uexp" 586
"../../../Engine/Content/OpenWorldTemplate/LandscapeMaterial/MI_ProcGrid.uasset" 587
"../../../Engine/Content/OpenWorldTemplate/LandscapeMaterial/MI_ProcGrid.uexp" 588
"../../../Engine/Content/EngineSky/C_Sky_Horizon_Color.uasset" 589
"../../../Engine/Content/EngineSky/C_Sky_Horizon_Color.uexp" 590
"../../../Engine/Content/EngineSky/T_Sky_Stars.ubulk" 591
"../../../Engine/Content/EngineSky/T_Sky_Stars.uasset" 592
"../../../Engine/Content/EngineSky/T_Sky_Stars.uexp" 593
"../../../Engine/Content/EngineSky/T_Sky_Clouds_M.ubulk" 594
"../../../Engine/Content/EngineSky/T_Sky_Clouds_M.uasset" 595
"../../../Engine/Content/EngineSky/T_Sky_Clouds_M.uexp" 596
"../../../Engine/Content/EngineSky/T_Sky_Blue.ubulk" 597
"../../../Engine/Content/EngineSky/T_Sky_Blue.uasset" 598
"../../../Engine/Content/EngineSky/T_Sky_Blue.uexp" 599
"../../../Engine/Content/EngineSky/M_Sky_Panning_Clouds2.uasset" 600
"../../../Engine/Content/EngineSky/M_Sky_Panning_Clouds2.uexp" 601
"../../../Engine/Content/EngineSky/SM_SkySphere.uasset" 602
"../../../Engine/Content/EngineSky/SM_SkySphere.uexp" 603
"../../../Engine/Content/EngineSky/C_Sky_Cloud_Color.uasset" 604
"../../../Engine/Content/EngineSky/C_Sky_Cloud_Color.uexp" 605
"../../../Engine/Content/EngineSky/C_Sky_Zenith_Color.uasset" 606
"../../../Engine/Content/EngineSky/C_Sky_Zenith_Color.uexp" 607
"../../../Engine/Content/EngineSky/BP_Sky_Sphere.uasset" 608
"../../../Engine/Content/EngineSky/BP_Sky_Sphere.uexp" 609
"../../../Engine/Content/MapTemplates/SM_Template_Map_Floor.uasset" 610
"../../../Engine/Content/MapTemplates/SM_Template_Map_Floor.uexp" 611
"D:/Unreal_Projects/ToonTank/Content/Maps/Level_1.uexp" 612
"D:/Unreal_Projects/ToonTank/Content/Maps/Level_1.umap" 613
"../../../Engine/Content/BasicShapes/Cube.uasset" 614
"../../../Engine/Content/BasicShapes/Cube.uexp" 615
"D:/Unreal_Projects/ToonTank/Content/Maps/Main_BuiltData.ubulk" 616
"D:/Unreal_Projects/ToonTank/Content/Maps/Main_BuiltData.uasset" 617
"D:/Unreal_Projects/ToonTank/Content/Maps/Main_BuiltData.uexp" 618
"D:/Unreal_Projects/ToonTank/Content/BP_SpawnPoint.uasset" 619
"D:/Unreal_Projects/ToonTank/Content/BP_SpawnPoint.uexp" 620
"D:/Unreal_Projects/ToonTank/Content/Assets/Textures/T_BasicGrid_M.ubulk" 621
"D:/Unreal_Projects/ToonTank/Content/Assets/Textures/T_BasicGrid_M.uasset" 622
"D:/Unreal_Projects/ToonTank/Content/Assets/Textures/T_BasicGrid_M.uexp" 623
"D:/Unreal_Projects/ToonTank/Content/Assets/Materials/Functions/Basic/MakeSet.uasset" 624
"D:/Unreal_Projects/ToonTank/Content/Assets/Materials/Functions/Basic/MakeSet.uexp" 625
"D:/Unreal_Projects/ToonTank/Content/Assets/Materials/Functions/Texture/Tex_SimpleGrid.uasset" 626
"D:/Unreal_Projects/ToonTank/Content/Assets/Materials/Functions/Texture/Tex_SimpleGrid.uexp" 627
"D:/Unreal_Projects/ToonTank/Content/Assets/Textures/T_BasicGrid_N.ubulk" 628
"D:/Unreal_Projects/ToonTank/Content/Assets/Textures/T_BasicGrid_N.uasset" 629
"D:/Unreal_Projects/ToonTank/Content/Assets/Textures/T_BasicGrid_N.uexp" 630
"D:/Unreal_Projects/ToonTank/Content/Assets/Materials/Functions/Basic/BreakSet.uasset" 631
"D:/Unreal_Projects/ToonTank/Content/Assets/Materials/Functions/Basic/BreakSet.uexp" 632
"D:/Unreal_Projects/ToonTank/Content/Assets/Materials/Functions/Texture/Dye_SingleColor.uasset" 633
"D:/Unreal_Projects/ToonTank/Content/Assets/Materials/Functions/Texture/Dye_SingleColor.uexp" 634
"D:/Unreal_Projects/ToonTank/Content/Assets/Materials/Functions/UV/UV_SetupGrid.uasset" 635
"D:/Unreal_Projects/ToonTank/Content/Assets/Materials/Functions/UV/UV_SetupGrid.uexp" 636
"../../../Engine/Content/Functions/Engine_MaterialFunctions02/Utility/Sign.uasset" 637
"../../../Engine/Content/Functions/Engine_MaterialFunctions02/Utility/Sign.uexp" 638
"../../../Engine/Content/Functions/Engine_MaterialFunctions02/Utility/Round.uasset" 639
"../../../Engine/Content/Functions/Engine_MaterialFunctions02/Utility/Round.uexp" 640
"D:/Unreal_Projects/ToonTank/Content/Assets/Materials/Functions/UV/UV_ObjectScalable.uasset" 641
"D:/Unreal_Projects/ToonTank/Content/Assets/Materials/Functions/UV/UV_ObjectScalable.uexp" 642
"D:/Unreal_Projects/ToonTank/Content/Assets/Materials/Base/M_GridBase.uasset" 643
"D:/Unreal_Projects/ToonTank/Content/Assets/Materials/Base/M_GridBase.uexp" 644
"D:/Unreal_Projects/ToonTank/Content/Assets/Materials/Base/M_Grid_Inst.uasset" 645
"D:/Unreal_Projects/ToonTank/Content/Assets/Materials/Base/M_Grid_Inst.uexp" 646
"D:/Unreal_Projects/ToonTank/Content/BP_Wall.uasset" 647
"D:/Unreal_Projects/ToonTank/Content/BP_Wall.uexp" 648
"../../../Engine/Content/BasicShapes/Sphere.uasset" 649
"../../../Engine/Content/BasicShapes/Sphere.uexp" 650
"../../../Engine/Content/BasicShapes/BasicShapeMaterial.uasset" 651
"../../../Engine/Content/BasicShapes/BasicShapeMaterial.uexp" 652
"D:/Unreal_Projects/ToonTank/Content/BP_SpawnManager.uasset" 653
"D:/Unreal_Projects/ToonTank/Content/BP_SpawnManager.uexp" 654
"D:/Unreal_Projects/ToonTank/Content/Camera.uasset" 655
"D:/Unreal_Projects/ToonTank/Content/Camera.uexp" 656
"D:/Unreal_Projects/ToonTank/Content/Maps/Main.uexp" 657
"D:/Unreal_Projects/ToonTank/Content/Maps/Main.umap" 658
